<?xml version="1.0" encoding="UTF-8"?>
<!-- Generated by org.testng.reporters.JUnitXMLReporter -->
<testsuite ignored="0" hostname="Fatoouh" failures="0" tests="8" name="Default test" time="61.757" errors="0" timestamp="2023-09-08T18:25:43 EEST">
  <testcase classname="Tests.BooksAPIsTests" name="checkServiceAvailability" time="8.427"/>
  <testcase classname="Tests.BooksAPIsTests" name="testAuthApi" time="7.362"/>
  <testcase classname="Tests.BooksAPIsTests" name="testGETBooksApi" time="6.502"/>
  <testcase classname="Tests.BooksAPIsTests" name="testGETBookApi" time="11.613"/>
  <testcase classname="Tests.BooksAPIsTests" name="testPOSTOrdersApi" time="4.97"/>
  <testcase classname="Tests.BooksAPIsTests" name="testGETOrdersApi" time="1.393"/>
  <testcase classname="Tests.BooksAPIsTests" name="testPATCHOrdersApi" time="7.626"/>
  <testcase classname="Tests.BooksAPIsTests" name="testDELETEOrdersApi" time="13.809"/>
</testsuite> <!-- Default test -->
