<?xml version="1.0" encoding="UTF-8"?>
<testng-results ignored="0" total="8" passed="8" failed="0" skipped="0">
  <reporter-output>
  </reporter-output>
  <suite started-at="2023-09-08T18:24:41 EEST" name="Default suite" finished-at="2023-09-08T18:25:43 EEST" duration-ms="61757">
    <groups>
    </groups>
    <test started-at="2023-09-08T18:24:41 EEST" name="Default test" finished-at="2023-09-08T18:25:43 EEST" duration-ms="61757">
      <class name="Tests.BooksAPIsTests">
        <test-method signature="checkServiceAvailability()[pri:-1, instance:Tests.BooksAPIsTests@f0da945]" started-at="2023-09-08T18:24:41 EEST" name="checkServiceAvailability" finished-at="2023-09-08T18:24:49 EEST" duration-ms="8427" status="PASS">
          <reporter-output>
          </reporter-output>
        </test-method> <!-- checkServiceAvailability -->
        <test-method signature="testAuthApi()[pri:-1, instance:Tests.BooksAPIsTests@f0da945]" started-at="2023-09-08T18:24:49 EEST" name="testAuthApi" finished-at="2023-09-08T18:24:57 EEST" duration-ms="7362" status="PASS">
          <reporter-output>
          </reporter-output>
        </test-method> <!-- testAuthApi -->
        <test-method signature="testGETBooksApi()[pri:0, instance:Tests.BooksAPIsTests@f0da945]" started-at="2023-09-08T18:24:57 EEST" name="testGETBooksApi" finished-at="2023-09-08T18:25:03 EEST" duration-ms="6502" status="PASS">
          <reporter-output>
          </reporter-output>
        </test-method> <!-- testGETBooksApi -->
        <test-method signature="testGETBookApi()[pri:1, instance:Tests.BooksAPIsTests@f0da945]" started-at="2023-09-08T18:25:03 EEST" name="testGETBookApi" finished-at="2023-09-08T18:25:15 EEST" duration-ms="11613" status="PASS">
          <reporter-output>
          </reporter-output>
        </test-method> <!-- testGETBookApi -->
        <test-method signature="testPOSTOrdersApi()[pri:1, instance:Tests.BooksAPIsTests@f0da945]" started-at="2023-09-08T18:25:15 EEST" name="testPOSTOrdersApi" finished-at="2023-09-08T18:25:20 EEST" duration-ms="4970" status="PASS">
          <reporter-output>
          </reporter-output>
        </test-method> <!-- testPOSTOrdersApi -->
        <test-method signature="testGETOrdersApi()[pri:2, instance:Tests.BooksAPIsTests@f0da945]" started-at="2023-09-08T18:25:20 EEST" name="testGETOrdersApi" finished-at="2023-09-08T18:25:21 EEST" duration-ms="1393" status="PASS">
          <reporter-output>
          </reporter-output>
        </test-method> <!-- testGETOrdersApi -->
        <test-method signature="testPATCHOrdersApi()[pri:2, instance:Tests.BooksAPIsTests@f0da945]" started-at="2023-09-08T18:25:21 EEST" name="testPATCHOrdersApi" finished-at="2023-09-08T18:25:29 EEST" duration-ms="7626" status="PASS">
          <reporter-output>
          </reporter-output>
        </test-method> <!-- testPATCHOrdersApi -->
        <test-method signature="testDELETEOrdersApi()[pri:3, instance:Tests.BooksAPIsTests@f0da945]" started-at="2023-09-08T18:25:29 EEST" name="testDELETEOrdersApi" finished-at="2023-09-08T18:25:43 EEST" duration-ms="13809" status="PASS">
          <reporter-output>
          </reporter-output>
        </test-method> <!-- testDELETEOrdersApi -->
      </class> <!-- Tests.BooksAPIsTests -->
    </test> <!-- Default test -->
  </suite> <!-- Default suite -->
</testng-results>
